[LOG] System::create                           : Header version = 2.00.10. Current version = 2.00.10.
[LOG] Manager::init                            : maxchannels = 256 studioflags = 00000006 flags 00000000 extradriverdata 0000000000000000.
[LOG] SystemI::init                            : Initialize version=20010 (110198), maxchannels=256, flags=0x00020000
[LOG] SystemI::setOutputInternal               : Setting output to 'FMOD WASAPI Output'
[LOG] OutputWASAPI::init                       : Mix Format (WAVEFORMATEX): wFormatTag=0xFFFE, nChannels=2, nSamplesPerSec=48000, nAvgBytesPerSec=384000, nBlockAlign=8, wBitsPerSample=32, cbSize=22.
[LOG] OutputWASAPI::init                       : Mix Format (WAVEFORMATEXTENSIBLE): wValidBitsPerSample=32, dwChannelMask=0x00000003, SubFormat=00000003-0000-0010-8000-00AA00389B71.
[LOG] OutputWASAPI::init                       : Output buffer size: 4096 samples, latency: 0.00ms, period: 10.00ms, DSP buffer: 1024 * 4
[LOG] Thread::initThread                       : Init FMOD stream thread. Priority: 2, Stack Size: 98304, Semaphore: No, Sleep Time: 10, Looping: Yes.
[LOG] Thread::initThread                       : Init FMOD mixer thread. Priority: 3, Stack Size: 81920, Semaphore: No, Sleep Time: 0, Looping: Yes.
[LOG] AsyncManager::init                       : manager 0000017A4855F718 isAsync 0 updatePeriod 0.02
[LOG] AsyncManager::init                       : done
[LOG] PlaybackSystem::init                     : 
[LOG] Thread::initThread                       : Init FMOD Studio sample load thread. Priority: 0, Stack Size: 98304, Semaphore: No, Sleep Time: 1, Looping: No.
[LOG] PlaybackSystem::init                     : done
[LOG] Thread::initThread                       : Init FMOD Studio bank load thread. Priority: 0, Stack Size: 98304, Semaphore: No, Sleep Time: 1, Looping: No.
[LOG] Manager::init                            : done.
[LOG] Manager::readBank                        : fileversion = 125, compatVersion = 119 (oldest = 44, newest = 125)
[LOG] SystemI::createSoundInternal             : Create name='', mode=0x02000202
[LOG] SystemI::createSoundInternal             : exinfo->cbsize             = 224
[LOG] SystemI::createSoundInternal             : exinfo->length             = 93984
[LOG] SystemI::createSoundInternal             : exinfo->fileoffset         = 15296
[LOG] SystemI::createSoundInternal             : exinfo->numsubsounds       = 1
[LOG] SystemI::createSoundInternal             : exinfo->inclusionlist      = 0000000683F7F3AC
[LOG] SystemI::createSoundInternal             : exinfo->inclusionlistnum   = 1
[LOG] SystemI::createSoundInternal             : exinfo->suggestedsoundtype = 5
[LOG] SystemI::createSoundInternal             : exinfo->useropen           = 00007FFFB418C2D0
[LOG] SystemI::createSoundInternal             : exinfo->userclose          = 00007FFFB418C2A0
[LOG] SystemI::createSoundInternal             : exinfo->userread           = 00007FFFB418C3A0
[LOG] SystemI::createSoundInternal             : exinfo->userseek           = 00007FFFB418C460
[LOG] SystemI::createSoundInternal             : exinfo->fileuserdata       = 0000017992EA57A8
[LOG] SystemI::createSoundInternal             : exinfo->initialseekpostype = 1
[LOG] SystemI::DSPCodecPoolRegister            : register codec pool for pool type 5
[LOG] SystemI::createSoundInternal             : Sample 0/1: name='Land', format=2, channels=2, frequency=48000, lengthbytes=5984, lengthpcm=28421, pcmblocksize=0, loopstart=0, loopend=0, mode=0x00000000, channelmask=0x00000000, channelorder=0, peakvolume=0.772888.
[LOG] Manager::readBank                        : fileversion = 125, compatVersion = 119 (oldest = 44, newest = 125)
[LOG] SystemI::createSoundInternal             : Create name='', mode=0x02000202
[LOG] SystemI::createSoundInternal             : exinfo->cbsize             = 224
[LOG] SystemI::createSoundInternal             : exinfo->length             = 203456
[LOG] SystemI::createSoundInternal             : exinfo->fileoffset         = 8608
[LOG] SystemI::createSoundInternal             : exinfo->numsubsounds       = 1
[LOG] SystemI::createSoundInternal             : exinfo->inclusionlist      = 0000000683F7F3AC
[LOG] SystemI::createSoundInternal             : exinfo->inclusionlistnum   = 1
[LOG] SystemI::createSoundInternal             : exinfo->suggestedsoundtype = 5
[LOG] SystemI::createSoundInternal             : exinfo->useropen           = 00007FFFB418C2D0
[LOG] SystemI::createSoundInternal             : exinfo->userclose          = 00007FFFB418C2A0
[LOG] SystemI::createSoundInternal             : exinfo->userread           = 00007FFFB418C3A0
[LOG] SystemI::createSoundInternal             : exinfo->userseek           = 00007FFFB418C460
[LOG] SystemI::createSoundInternal             : exinfo->fileuserdata       = 0000017ADBFB5598
[LOG] SystemI::createSoundInternal             : exinfo->initialseekpostype = 1
[LOG] SystemI::DSPCodecPoolRegister            : register codec pool for pool type 5
[LOG] SystemI::createSoundInternal             : Sample 0/1: name='Pull Active', format=2, channels=2, frequency=48000, lengthbytes=3360, lengthpcm=18434, pcmblocksize=0, loopstart=0, loopend=0, mode=0x00000000, channelmask=0x00000000, channelorder=0, peakvolume=0.102264.
[LOG] SystemI::createSoundInternal             : Create name='', mode=0x02000202
[LOG] SystemI::createSoundInternal             : exinfo->cbsize             = 224
[LOG] SystemI::createSoundInternal             : exinfo->length             = 203456
[LOG] SystemI::createSoundInternal             : exinfo->fileoffset         = 8608
[LOG] SystemI::createSoundInternal             : exinfo->numsubsounds       = 1
[LOG] SystemI::createSoundInternal             : exinfo->inclusionlist      = 0000000683F7F3AC
[LOG] SystemI::createSoundInternal             : exinfo->inclusionlistnum   = 1
[LOG] SystemI::createSoundInternal             : exinfo->suggestedsoundtype = 5
[LOG] SystemI::createSoundInternal             : exinfo->useropen           = 00007FFFB418C2D0
[LOG] SystemI::createSoundInternal             : exinfo->userclose          = 00007FFFB418C2A0
[LOG] SystemI::createSoundInternal             : exinfo->userread           = 00007FFFB418C3A0
[LOG] SystemI::createSoundInternal             : exinfo->userseek           = 00007FFFB418C460
[LOG] SystemI::createSoundInternal             : exinfo->fileuserdata       = 0000017ADBFB5598
[LOG] SystemI::createSoundInternal             : exinfo->initialseekpostype = 1
[LOG] SystemI::DSPCodecPoolRegister            : register codec pool for pool type 5
[LOG] SystemI::createSoundInternal             : Sample 0/1: name='Click', format=2, channels=2, frequency=48000, lengthbytes=2272, lengthpcm=7801, pcmblocksize=0, loopstart=0, loopend=0, mode=0x00000000, channelmask=0x00000000, channelorder=0, peakvolume=0.272583.
[LOG] Manager::readBank                        : fileversion = 125, compatVersion = 119 (oldest = 44, newest = 125)
[LOG] Manager::readBank                        : fileversion = 125, compatVersion = 119 (oldest = 44, newest = 125)
[LOG] Manager::readBank                        : fileversion = 125, compatVersion = 119 (oldest = 44, newest = 125)
[LOG] Manager::readBank                        : fileversion = 125, compatVersion = 119 (oldest = 44, newest = 125)
[LOG] Manager::readBank                        : fileversion = 125, compatVersion = 119 (oldest = 44, newest = 125)
[LOG] Manager::readBank                        : fileversion = 125, compatVersion = 119 (oldest = 44, newest = 125)
[LOG] Manager::readBank                        : fileversion = 125, compatVersion = 119 (oldest = 44, newest = 125)
[LOG] Manager::readBank                        : fileversion = 125, compatVersion = 119 (oldest = 44, newest = 125)
[LOG] Manager::readBank                        : fileversion = 125, compatVersion = 119 (oldest = 44, newest = 125)
[LOG] Manager::readBank                        : fileversion = 125, compatVersion = 119 (oldest = 44, newest = 125)
[LOG] Manager::readBank                        : fileversion = 125, compatVersion = 119 (oldest = 44, newest = 125)
[LOG] Manager::readBank                        : fileversion = 125, compatVersion = 119 (oldest = 44, newest = 125)
[LOG] Manager::readBank                        : fileversion = 125, compatVersion = 119 (oldest = 44, newest = 125)
[LOG] Manager::readBank                        : fileversion = 125, compatVersion = 119 (oldest = 44, newest = 125)
[LOG] Manager::readBank                        : fileversion = 125, compatVersion = 119 (oldest = 44, newest = 125)
[LOG] Manager::readBank                        : fileversion = 125, compatVersion = 119 (oldest = 44, newest = 125)
[LOG] Manager::readBank                        : fileversion = 125, compatVersion = 119 (oldest = 44, newest = 125)
[LOG] Manager::readBank                        : fileversion = 125, compatVersion = 119 (oldest = 44, newest = 125)
[LOG] Manager::readBank                        : fileversion = 125, compatVersion = 119 (oldest = 44, newest = 125)
[LOG] Manager::readBank                        : fileversion = 125, compatVersion = 119 (oldest = 44, newest = 125)
[LOG] Manager::readBank                        : fileversion = 125, compatVersion = 119 (oldest = 44, newest = 125)
[LOG] Manager::readBank                        : fileversion = 125, compatVersion = 119 (oldest = 44, newest = 125)
[LOG] Manager::readBank                        : fileversion = 125, compatVersion = 119 (oldest = 44, newest = 125)
[LOG] SystemI::createSound                     : filename = Assets/Audio/FMOD/Desktop/BGM.bank : mode 02010082
[LOG] SystemI::createSound                     : FMOD_NONBLOCKING specified.  Putting into queue to be opened asynchronously!
[LOG] SystemI::createSound                     : setdata soundi = 00000179F8725198 : node = 0000017995712A50
[LOG] SystemI::createSound                     : add node to async list : head = 00000177C489F468.  list count = 0
[LOG] AsyncThread::threadFunc                  : Starting Asynchronous operation on sound 00000179F8725198
[LOG] SystemI::createSoundInternal             :     Create name='Assets/Audio/FMOD/Desktop/BGM.bank', mode=0x02010082
[LOG] SystemI::createSoundInternal             :     exinfo->cbsize             = 224
[LOG] SystemI::createSoundInternal             :     exinfo->length             = 2379104
[LOG] SystemI::createSoundInternal             :     exinfo->fileoffset         = 3840
[LOG] SystemI::createSoundInternal             :     exinfo->numsubsounds       = 1
[LOG] SystemI::createSoundInternal             :     exinfo->inclusionlist      = 0000017995712B60
[LOG] SystemI::createSoundInternal             :     exinfo->inclusionlistnum   = 1
[LOG] SystemI::createSoundInternal             :     exinfo->suggestedsoundtype = 5
[LOG] SystemI::createSound                     :     filename = Assets/Audio/FMOD/Desktop/BGM.bank : mode 02010082
[LOG] SystemI::createSound                     :     FMOD_NONBLOCKING specified.  Putting into queue to be opened asynchronously!
[LOG] SystemI::createSoundInternal             :     exinfo->initialseekpostype = 1
[LOG] SystemI::createSound                     :     setdata soundi = 00000179F8725858 : node = 0000017995711DD0
[LOG] SystemI::createSound                     :     add node to async list : head = 00000177C489F468.  list count = 0
[LOG] SystemI::createSoundInternal             :     Stream 0/1: name='Synthesized Castles Dirty', format=2, channels=2, frequency=48000, lengthbytes=1419776, lengthpcm=6063751, pcmblocksize=0, loopstart=0, loopend=0, mode=0x00000000, channelmask=0x00000000, channelorder=0, peakvolume=0.300659.
[LOG] AsyncThread::threadFunc                  : Finished Asynchronous operation on sound 00000179F8725198
[LOG] AsyncThread::threadFunc                  : Starting Asynchronous operation on sound 00000179F8725858
[LOG] SystemI::createSoundInternal             :     Create name='Assets/Audio/FMOD/Desktop/BGM.bank', mode=0x02010082
[LOG] SystemI::createSoundInternal             :     exinfo->cbsize             = 224
[LOG] SystemI::createSoundInternal             :     exinfo->length             = 2379104
[LOG] SystemI::createSoundInternal             :     exinfo->fileoffset         = 3840
[LOG] SystemI::createSoundInternal             :     exinfo->numsubsounds       = 1
[LOG] SystemI::createSoundInternal             :     exinfo->inclusionlist      = 0000017995711EE0
[LOG] SystemI::createSoundInternal             :     exinfo->inclusionlistnum   = 1
[LOG] SystemI::createSoundInternal             :     exinfo->suggestedsoundtype = 5
[LOG] SystemI::createSoundInternal             :     exinfo->initialseekpostype = 1
[LOG] SystemI::createSoundInternal             :     Stream 0/1: name='Synthesized Castles Dirty', format=2, channels=2, frequency=48000, lengthbytes=1419776, lengthpcm=6063751, pcmblocksize=0, loopstart=0, loopend=0, mode=0x00000000, channelmask=0x00000000, channelorder=0, peakvolume=0.300659.
[LOG] SoundI::release                          :     Synthesized Castles Dirty (00000179F8725198)
[LOG] SoundI::release                          :         Synthesized Castles Dirty (00000177C489D438)
[LOG] SoundI::release                          :         Synthesized Castles Dirty (00000179F87265D8)
[LOG] AsyncThread::threadFunc                  :     Finished Asynchronous operation on sound 00000179F8725858
[LOG] SoundI::getSubSound                      : sound 00000179F8725858.  Subsound index 0 / 1
[LOG] SoundI::release                          : Synthesized Castles Dirty (0000017A00166E68)
[LOG] SoundI::release                          :     Synthesized Castles Dirty (00000177C489AD38)
[LOG] SoundI::release                          :     Synthesized Castles Dirty (0000017A0016AB28)
[LOG] Manager::readBank                        : fileversion = 125, compatVersion = 119 (oldest = 44, newest = 125)
[LOG] Manager::readBank                        : fileversion = 125, compatVersion = 119 (oldest = 44, newest = 125)
[LOG] Manager::readBank                        : fileversion = 125, compatVersion = 119 (oldest = 44, newest = 125)
[LOG] Manager::readBank                        : fileversion = 125, compatVersion = 119 (oldest = 44, newest = 125)
[LOG] Manager::readBank                        : fileversion = 125, compatVersion = 119 (oldest = 44, newest = 125)
[LOG] Manager::readBank                        : fileversion = 125, compatVersion = 119 (oldest = 44, newest = 125)
[LOG] Manager::readBank                        : fileversion = 125, compatVersion = 119 (oldest = 44, newest = 125)
[LOG] Manager::readBank                        : fileversion = 125, compatVersion = 119 (oldest = 44, newest = 125)
[LOG] Manager::readBank                        : fileversion = 125, compatVersion = 119 (oldest = 44, newest = 125)
[LOG] Manager::readBank                        : fileversion = 125, compatVersion = 119 (oldest = 44, newest = 125)
[LOG] Manager::readBank                        : fileversion = 125, compatVersion = 119 (oldest = 44, newest = 125)
[LOG] Manager::readBank                        : fileversion = 125, compatVersion = 119 (oldest = 44, newest = 125)
[LOG] Manager::readBank                        : fileversion = 125, compatVersion = 119 (oldest = 44, newest = 125)
[LOG] Manager::readBank                        : fileversion = 125, compatVersion = 119 (oldest = 44, newest = 125)
[LOG] Manager::readBank                        : fileversion = 125, compatVersion = 119 (oldest = 44, newest = 125)
[LOG] Manager::readBank                        : fileversion = 125, compatVersion = 119 (oldest = 44, newest = 125)
[LOG] Manager::readBank                        : fileversion = 125, compatVersion = 119 (oldest = 44, newest = 125)
[LOG] Manager::readBank                        : fileversion = 125, compatVersion = 119 (oldest = 44, newest = 125)
[LOG] Manager::readBank                        : fileversion = 125, compatVersion = 119 (oldest = 44, newest = 125)
[LOG] Manager::readBank                        : fileversion = 125, compatVersion = 119 (oldest = 44, newest = 125)
[LOG] Manager::readBank                        : fileversion = 125, compatVersion = 119 (oldest = 44, newest = 125)
[LOG] Manager::readBank                        : fileversion = 125, compatVersion = 119 (oldest = 44, newest = 125)
[LOG] Manager::readBank                        : fileversion = 125, compatVersion = 119 (oldest = 44, newest = 125)
[LOG] Manager::readBank                        : fileversion = 125, compatVersion = 119 (oldest = 44, newest = 125)
[LOG] Manager::readBank                        : fileversion = 125, compatVersion = 119 (oldest = 44, newest = 125)
[LOG] Manager::readBank                        : fileversion = 125, compatVersion = 119 (oldest = 44, newest = 125)
[LOG] Manager::readBank                        : fileversion = 125, compatVersion = 119 (oldest = 44, newest = 125)
[LOG] Manager::readBank                        : fileversion = 125, compatVersion = 119 (oldest = 44, newest = 125)
[LOG] Manager::readBank                        : fileversion = 125, compatVersion = 119 (oldest = 44, newest = 125)
[LOG] Manager::readBank                        : fileversion = 125, compatVersion = 119 (oldest = 44, newest = 125)
[LOG] Manager::readBank                        : fileversion = 125, compatVersion = 119 (oldest = 44, newest = 125)
[LOG] Manager::readBank                        : fileversion = 125, compatVersion = 119 (oldest = 44, newest = 125)
[LOG] Manager::readBank                        : fileversion = 125, compatVersion = 119 (oldest = 44, newest = 125)
[LOG] Manager::readBank                        : fileversion = 125, compatVersion = 119 (oldest = 44, newest = 125)
[LOG] Manager::readBank                        : fileversion = 125, compatVersion = 119 (oldest = 44, newest = 125)
[LOG] Manager::readBank                        : fileversion = 125, compatVersion = 119 (oldest = 44, newest = 125)
[LOG] Manager::readBank                        : fileversion = 125, compatVersion = 119 (oldest = 44, newest = 125)
[LOG] Manager::readBank                        : fileversion = 125, compatVersion = 119 (oldest = 44, newest = 125)
[LOG] Manager::readBank                        : fileversion = 125, compatVersion = 119 (oldest = 44, newest = 125)
[LOG] Manager::readBank                        : fileversion = 125, compatVersion = 119 (oldest = 44, newest = 125)
[LOG] Manager::readBank                        : fileversion = 125, compatVersion = 119 (oldest = 44, newest = 125)
[LOG] Manager::readBank                        : fileversion = 125, compatVersion = 119 (oldest = 44, newest = 125)
[LOG] Manager::readBank                        : fileversion = 125, compatVersion = 119 (oldest = 44, newest = 125)
[LOG] Manager::readBank                        : fileversion = 125, compatVersion = 119 (oldest = 44, newest = 125)
[LOG] Manager::readBank                        : fileversion = 125, compatVersion = 119 (oldest = 44, newest = 125)
[LOG] Manager::readBank                        : fileversion = 125, compatVersion = 119 (oldest = 44, newest = 125)
[LOG] Manager::readBank                        : fileversion = 125, compatVersion = 119 (oldest = 44, newest = 125)
[LOG] AsyncThread::threadFunc                  : Starting Asynchronous operation on sound 00000179F87318B8
[LOG] AsyncThread::threadFunc                  : Finished Asynchronous operation on sound 00000179F87318B8
[LOG] SoundI::release                          : Synthesized Castles Dirty (00000179F8725858)
[LOG] SoundI::release                          :     Synthesized Castles Dirty (00000177C489FCD8)
[LOG] SoundI::release                          :     Synthesized Castles Dirty (00000179F87318B8)
[LOG] SoundI::release                          :  (0000017A00123FC8)
[LOG] SoundI::release                          :     Pull Active (00000177C489D298)
[LOG] SoundI::release                          :  (0000017A00124418)
[LOG] SoundI::release                          :     Click (00000177C48A0018)
[LOG] SoundI::release                          :  (0000017995FF1DB8)
[LOG] SoundI::release                          :     Low Whistle (00000177C489FB38)
[LOG] SoundI::release                          :  (00000179FFF917A8)
[LOG] SoundI::release                          :     Land (00000177C489EAF8)
[LOG] Thread::callback                         : FMOD Studio update thread finished.
[LOG] Thread::callback                         : FMOD Studio bank load thread finished.
[LOG] Profile::disconnectAll                   : Profiler disconnecting all clients
[LOG] Thread::callback                         : FMOD Studio sample load thread finished.
[LOG] LiveUpdate::release                      : 
[LOG] LiveUpdate::reset                        : Reset connection (reason Disconnected)
[LOG] Thread::callback                         : FMOD stream thread finished.
[LOG] Thread::callback                         : FMOD mixer thread finished.
[LOG] Profile::disconnectAll                   : Profiler disconnecting all clients
[LOG] SystemI::close                           : Closed.
